<?xml version="1.0" encoding="UTF-8"?>
<!-- Generated by org.testng.reporters.JUnitReportReporter -->
<testsuite hostname="Bradleys-MacBook-Pro.local" failures="0" tests="1" name="com.mycompany.fusionauth.plugins.ExampleCustomMD5SaltedPasswordEncryptorTest" time="0.001" errors="0" timestamp="2022-05-04T14:11:42 GMT-05:00" skipped="0">
  <testcase classname="com.mycompany.fusionauth.plugins.ExampleCustomMD5SaltedPasswordEncryptorTest" name="encrypt" time="0.001"/>
  <system-out/>
</testsuite> <!-- com.mycompany.fusionauth.plugins.ExampleCustomMD5SaltedPasswordEncryptorTest -->
