<?xml version="1.0" encoding="UTF-8"?>
<!-- Generated by org.testng.reporters.JUnitReportReporter -->
<testsuite hostname="Bradleys-MacBook-Pro.local" failures="0" tests="3" name="com.mycompany.fusionauth.plugins.ExamplePHPMD5SaltedPasswordEncryptorTest" time="0.050" errors="0" timestamp="2022-05-04T14:11:42 GMT-05:00" skipped="0">
  <testcase classname="com.mycompany.fusionauth.plugins.ExamplePHPMD5SaltedPasswordEncryptorTest" name="encrypt" time="0.030"/>
  <system-out/>
  <testcase classname="com.mycompany.fusionauth.plugins.ExamplePHPMD5SaltedPasswordEncryptorTest" name="encrypt" time="0.008"/>
  <system-out/>
  <testcase classname="com.mycompany.fusionauth.plugins.ExamplePHPMD5SaltedPasswordEncryptorTest" name="encrypt" time="0.012"/>
  <system-out/>
</testsuite> <!-- com.mycompany.fusionauth.plugins.ExamplePHPMD5SaltedPasswordEncryptorTest -->
