<?xml version="1.0" encoding="UTF-8"?>
<!-- Generated by org.testng.reporters.JUnitReportReporter -->
<testsuite hostname="Bradleys-MacBook-Pro.local" failures="0" tests="5" name="com.mycompany.fusionauth.plugins.ExampleRfc2898DeriveBytesPasswordEncryptorTest" time="0.167" errors="0" timestamp="2022-05-04T14:11:42 GMT-05:00" skipped="0">
  <testcase classname="com.mycompany.fusionauth.plugins.ExampleRfc2898DeriveBytesPasswordEncryptorTest" name="encrypt" time="0.006"/>
  <system-out/>
  <testcase classname="com.mycompany.fusionauth.plugins.ExampleRfc2898DeriveBytesPasswordEncryptorTest" name="encrypt" time="0.017"/>
  <system-out/>
  <testcase classname="com.mycompany.fusionauth.plugins.ExampleRfc2898DeriveBytesPasswordEncryptorTest" name="encrypt" time="0.019"/>
  <system-out/>
  <testcase classname="com.mycompany.fusionauth.plugins.ExampleRfc2898DeriveBytesPasswordEncryptorTest" name="encrypt" time="0.014"/>
  <system-out/>
  <testcase classname="com.mycompany.fusionauth.plugins.ExampleRfc2898DeriveBytesPasswordEncryptorTest" name="encrypt" time="0.111"/>
  <system-out/>
</testsuite> <!-- com.mycompany.fusionauth.plugins.ExampleRfc2898DeriveBytesPasswordEncryptorTest -->
