<?xml version="1.0" encoding="UTF-8"?>
<!-- Generated by org.testng.reporters.JUnitReportReporter -->
<testsuite hostname="Bradleys-MacBook-Pro.local" failures="0" tests="5" name="com.mycompany.fusionauth.plugins.ExampleArgon2idPasswordEncryptorTest" time="0.376" errors="0" timestamp="2022-05-04T14:11:42 GMT-05:00" skipped="0">
  <testcase classname="com.mycompany.fusionauth.plugins.ExampleArgon2idPasswordEncryptorTest" name="encrypt" time="0.231"/>
  <system-out/>
  <testcase classname="com.mycompany.fusionauth.plugins.ExampleArgon2idPasswordEncryptorTest" name="Should_ThrowException_When_MemoryLessThan1" time="0.001"/>
  <system-out/>
  <testcase classname="com.mycompany.fusionauth.plugins.ExampleArgon2idPasswordEncryptorTest" name="Should_ThrowException_When_ParallelismLessThan1" time="0.000"/>
  <system-out/>
  <testcase classname="com.mycompany.fusionauth.plugins.ExampleArgon2idPasswordEncryptorTest" name="Should_ThrowException_When_MemoryGreaterThan16_777_215Kibibytes" time="0.143"/>
  <system-out/>
  <testcase classname="com.mycompany.fusionauth.plugins.ExampleArgon2idPasswordEncryptorTest" name="Should_ThrowException_When_TimeCostLessThan1" time="0.001"/>
  <system-out/>
</testsuite> <!-- com.mycompany.fusionauth.plugins.ExampleArgon2idPasswordEncryptorTest -->
