<?xml version="1.0" encoding="UTF-8"?>
<!-- Generated by org.testng.reporters.JUnitReportReporter -->
<testsuite hostname="Bradleys-MacBook-Pro.local" failures="0" tests="2" name="com.mycompany.fusionauth.plugins.ExamplePBDKF2HMACSHA256Keylength512PasswordHasherTest" time="0.540" errors="0" timestamp="2022-05-04T14:11:42 GMT-05:00" skipped="0">
  <testcase classname="com.mycompany.fusionauth.plugins.ExamplePBDKF2HMACSHA256Keylength512PasswordHasherTest" name="encrypt" time="0.255"/>
  <system-out/>
  <testcase classname="com.mycompany.fusionauth.plugins.ExamplePBDKF2HMACSHA256Keylength512PasswordHasherTest" name="encrypt" time="0.285"/>
  <system-out/>
</testsuite> <!-- com.mycompany.fusionauth.plugins.ExamplePBDKF2HMACSHA256Keylength512PasswordHasherTest -->
