<?xml version="1.0" encoding="UTF-8" ?>
<testsuite tests="23" failures="0" name="TestSuite" time="1.715" errors="0" skipped="0">
  <properties>
    <property name="java.runtime.name" value="OpenJDK Runtime Environment"/>
    <property name="java.vm.version" value="18+0"/>
    <property name="sun.boot.library.path" value="/usr/local/Cellar/openjdk/18/libexec/openjdk.jdk/Contents/Home/lib"/>
    <property name="maven.multiModuleProjectDirectory" value="/Users/bradley/development/ritza/fusion/firebase/fusionauth-example-password-encryptor"/>
    <property name="java.vm.vendor" value="Homebrew"/>
    <property name="java.vendor.url" value="https://github.com/Homebrew/homebrew-core/issues"/>
    <property name="guice.disable.misplaced.annotation.check" value="true"/>
    <property name="path.separator" value=":"/>
    <property name="java.vm.name" value="OpenJDK 64-Bit Server VM"/>
    <property name="user.country" value="ZA"/>
    <property name="sun.java.launcher" value="SUN_STANDARD"/>
    <property name="java.vm.specification.name" value="Java Virtual Machine Specification"/>
    <property name="user.dir" value="/Users/bradley/development/ritza/fusion/firebase/fusionauth-example-password-encryptor"/>
    <property name="java.vm.compressedOopsMode" value="Zero based"/>
    <property name="java.runtime.version" value="18+0"/>
    <property name="os.arch" value="x86_64"/>
    <property name="java.io.tmpdir" value="/var/folders/h5/2r0vbd053yb6bd2598sxspyr0000gn/T/"/>
    <property name="line.separator" value="
"/>
    <property name="java.vm.specification.vendor" value="Oracle Corporation"/>
    <property name="os.name" value="Mac OS X"/>
    <property name="classworlds.conf" value="/usr/local/Cellar/maven/3.8.5/libexec/bin/m2.conf"/>
    <property name="sun.jnu.encoding" value="UTF-8"/>
    <property name="java.library.path" value="/Users/bradley/Library/Java/Extensions:/Library/Java/Extensions:/Network/Library/Java/Extensions:/System/Library/Java/Extensions:/usr/lib/java:."/>
    <property name="maven.conf" value="/usr/local/Cellar/maven/3.8.5/libexec/conf"/>
    <property name="jdk.debug" value="release"/>
    <property name="java.class.version" value="62.0"/>
    <property name="java.specification.name" value="Java Platform API Specification"/>
    <property name="sun.management.compiler" value="HotSpot 64-Bit Tiered Compilers"/>
    <property name="os.version" value="11.6"/>
    <property name="library.jansi.path" value="/usr/local/Cellar/maven/3.8.5/libexec/lib/jansi-native"/>
    <property name="http.nonProxyHosts" value="local|*.local|169.254/16|*.169.254/16"/>
    <property name="user.home" value="/Users/bradley"/>
    <property name="user.timezone" value="America/Chicago"/>
    <property name="file.encoding" value="UTF-8"/>
    <property name="java.specification.version" value="18"/>
    <property name="user.name" value="bradley"/>
    <property name="java.class.path" value="/usr/local/Cellar/maven/3.8.5/libexec/boot/plexus-classworlds-2.6.0.jar"/>
    <property name="java.vm.specification.version" value="18"/>
    <property name="sun.arch.data.model" value="64"/>
    <property name="sun.java.command" value="org.codehaus.plexus.classworlds.launcher.Launcher clean compile package"/>
    <property name="java.home" value="/usr/local/Cellar/openjdk/18/libexec/openjdk.jdk/Contents/Home"/>
    <property name="apple.awt.application.name" value="Launcher"/>
    <property name="user.language" value="en"/>
    <property name="java.specification.vendor" value="Oracle Corporation"/>
    <property name="java.vm.info" value="mixed mode, sharing"/>
    <property name="java.version" value="18"/>
    <property name="native.encoding" value="UTF-8"/>
    <property name="java.vendor" value="Homebrew"/>
    <property name="sun.stderr.encoding" value="UTF-8"/>
    <property name="maven.home" value="/usr/local/Cellar/maven/3.8.5/libexec"/>
    <property name="file.separator" value="/"/>
    <property name="java.version.date" value="2022-03-22"/>
    <property name="java.vendor.url.bug" value="https://github.com/Homebrew/homebrew-core/issues"/>
    <property name="sun.io.unicode.encoding" value="UnicodeBig"/>
    <property name="sun.cpu.endian" value="little"/>
    <property name="java.vendor.version" value="Homebrew"/>
    <property name="sun.stdout.encoding" value="UTF-8"/>
    <property name="socksNonProxyHosts" value="local|*.local|169.254/16|*.169.254/16"/>
    <property name="ftp.nonProxyHosts" value="local|*.local|169.254/16|*.169.254/16"/>
  </properties>
  <testcase classname="com.mycompany.fusionauth.plugins.ExampleRfc2898DeriveBytesPasswordEncryptorTest" name="encrypt" time="0.11"/>
  <testcase classname="com.mycompany.fusionauth.plugins.ExampleRfc2898DeriveBytesPasswordEncryptorTest" name="encrypt" time="0.019"/>
  <testcase classname="com.mycompany.fusionauth.plugins.ExampleRfc2898DeriveBytesPasswordEncryptorTest" name="encrypt" time="0.006"/>
  <testcase classname="com.mycompany.fusionauth.plugins.ExampleRfc2898DeriveBytesPasswordEncryptorTest" name="encrypt" time="0.017"/>
  <testcase classname="com.mycompany.fusionauth.plugins.ExampleRfc2898DeriveBytesPasswordEncryptorTest" name="encrypt" time="0.014"/>
  <testcase classname="com.mycompany.fusionauth.plugins.ExampleFirebaseScryptPasswordEncryptorTest" name="encrypt" time="0.278"/>
  <testcase classname="com.mycompany.fusionauth.plugins.ExamplePHPMD5SaltedPasswordEncryptorTest" name="encrypt" time="0.032"/>
  <testcase classname="com.mycompany.fusionauth.plugins.ExamplePHPMD5SaltedPasswordEncryptorTest" name="encrypt" time="0.012"/>
  <testcase classname="com.mycompany.fusionauth.plugins.ExamplePHPMD5SaltedPasswordEncryptorTest" name="encrypt" time="0.009"/>
  <testcase classname="com.mycompany.fusionauth.plugins.ExamplePBDKF2HMACSHA1PasswordEncryptorTest" name="encrypt" time="0.131"/>
  <testcase classname="com.mycompany.fusionauth.plugins.ExamplePBDKF2HMACSHA1PasswordEncryptorTest" name="encrypt" time="0.151"/>
  <testcase classname="com.mycompany.fusionauth.plugins.ExampleLDAPSaltedSHA512PasswordEncryptorTest" name="encrypt" time="0.002"/>
  <testcase classname="com.mycompany.fusionauth.plugins.MyExamplePasswordEncryptorTest" name="encrypt" time="0.001"/>
  <testcase classname="com.mycompany.fusionauth.plugins.ExampleCustomMD5SaltAppendedPasswordEncryptorTest" name="encrypt" time="0"/>
  <testcase classname="com.mycompany.fusionauth.plugins.ExamplePBDKF2HMACSHA256Keylength512PasswordHasherTest" name="encrypt" time="0.285"/>
  <testcase classname="com.mycompany.fusionauth.plugins.ExamplePBDKF2HMACSHA256Keylength512PasswordHasherTest" name="encrypt" time="0.256"/>
  <testcase classname="com.mycompany.fusionauth.plugins.ExampleSaltedSHA512PasswordEncryptorTest" name="encrypt" time="0.001"/>
  <testcase classname="com.mycompany.fusionauth.plugins.ExampleArgon2idPasswordEncryptorTest" name="Should_ThrowException_When_MemoryGreaterThan16_777_215Kibibytes" time="0.15"/>
  <testcase classname="com.mycompany.fusionauth.plugins.ExampleArgon2idPasswordEncryptorTest" name="Should_ThrowException_When_MemoryLessThan1" time="0"/>
  <testcase classname="com.mycompany.fusionauth.plugins.ExampleArgon2idPasswordEncryptorTest" name="Should_ThrowException_When_ParallelismLessThan1" time="0"/>
  <testcase classname="com.mycompany.fusionauth.plugins.ExampleArgon2idPasswordEncryptorTest" name="Should_ThrowException_When_TimeCostLessThan1" time="0"/>
  <testcase classname="com.mycompany.fusionauth.plugins.ExampleArgon2idPasswordEncryptorTest" name="encrypt" time="0.241"/>
  <testcase classname="com.mycompany.fusionauth.plugins.ExampleCustomMD5SaltedPasswordEncryptorTest" name="encrypt" time="0"/>
</testsuite>